    raise RuntimeError("Database session factory not initialized before persistence service initialization.")
RuntimeError: Database session factory not initialized before persistence service initialization.
2025-06-27 21:14:01,770 - asyncio - DEBUG - [Thread-17 (run_blocking_portal)] - selector_events.py:54 - Using selector: SelectSelector
2025-06-27 21:14:01,773 - ultibot_backend - INFO - [Thread-17 (run_blocking_portal)] - main.py:93 - Iniciando UltiBot Backend (lifespan)...
2025-06-27 21:14:01,773 - ultibot_backend - INFO - [Thread-17 (run_blocking_portal)] - main.py:98 - DependencyContainer adjuntado a app.state: True
2025-06-27 21:14:01,774 - dependencies - INFO - [Thread-17 (run_blocking_portal)] - dependencies.py:113 - Initializing dependency container...
2025-06-27 21:14:01,774 - ultibot_backend - CRITICAL - [Thread-17 (run_blocking_portal)] - main.py:105 - Error fatal durante el arranque de la aplicación (lifespan): Database session factory not initialized before persistence service initialization.
Traceback (most recent call last):
  File "C:\Users\zamor\UltiBotInversiones\src\main.py", line 101, in lifespan
    await container.initialize_services()
  File "C:\Users\zamor\UltiBotInversiones\src\dependencies.py", line 118, in initialize_services
    raise RuntimeError("Database session factory not initialized before persistence service initialization.")
RuntimeError: Database session factory not initialized before persistence service initialization.
2025-06-27 21:14:02,058 - asyncio - DEBUG - [Thread-18 (run_blocking_portal)] - selector_events.py:54 - Using selector: SelectSelector
2025-06-27 21:14:02,061 - ultibot_backend - INFO - [Thread-18 (run_blocking_portal)] - main.py:93 - Iniciando UltiBot Backend (lifespan)...
2025-06-27 21:14:02,061 - ultibot_backend - INFO - [Thread-18 (run_blocking_portal)] - main.py:98 - DependencyContainer adjuntado a app.state: True
2025-06-27 21:14:02,061 - dependencies - INFO - [Thread-18 (run_blocking_portal)] - dependencies.py:113 - Initializing dependency container...
2025-06-27 21:14:02,062 - ultibot_backend - CRITICAL - [Thread-18 (run_blocking_portal)] - main.py:105 - Error fatal durante el arranque de la aplicación (lifespan): Database session factory not initialized before persistence service initialization.
Traceback (most recent call last):
  File "C:\Users\zamor\UltiBotInversiones\src\main.py", line 101, in lifespan
    await container.initialize_services()
  File "C:\Users\zamor\UltiBotInversiones\src\dependencies.py", line 118, in initialize_services
    raise RuntimeError("Database session factory not initialized before persistence service initialization.")
RuntimeError: Database session factory not initialized before persistence service initialization.
2025-06-27 21:14:02,328 - tests.conftest - INFO - [MainThread] - conftest.py:135 - Motor de base de datos dispuesto.
2025-06-27 21:14:02,329 - tests.conftest - INFO - [MainThread] - conftest.py:143 - Directorio temporal C:\Users\zamor\AppData\Local\Temp\tmpjhd391qt eliminado exitosamente (intento 1/5).
